2025-10-01 12:20:10 - ERROR - System started successfully
2025-10-01 12:20:10 - ERROR - Connection established
2025-10-01 12:20:10 - INFO - Low memory warning
2025-10-01 12:20:10 - INFO - An error occurred in module X
2025-10-01 12:20:10 - INFO - System started successfully
2025-10-01 12:20:10 - WARNING - Connection established
2025-10-01 12:20:10 - ERROR - Connection established
2025-10-01 12:20:10 - INFO - Disk space running low
2025-10-01 12:20:10 - WARNING - User login failed
2025-10-01 12:20:10 - WARNING - User login failed
2025-10-01 12:20:10 - ERROR - System started successfully
2025-10-01 12:20:10 - ERROR - Connection established
2025-10-01 12:20:10 - INFO - Disk space running low
2025-10-01 12:20:10 - INFO - Connection established
2025-10-01 12:20:10 - WARNING - System started successfully
2025-10-01 12:20:10 - INFO - Low memory warning
2025-10-01 12:20:10 - WARNING - Disk space running low
2025-10-01 12:20:10 - WARNING - System started successfully
2025-10-01 12:20:10 - ERROR - Connection established
2025-10-01 12:20:10 - INFO - System started successfully
